<?xml version="1.0" encoding="utf-8"?><testsuites name="pytest tests"><testsuite name="pytest" errors="0" failures="0" skipped="2" tests="30" time="6.774" timestamp="2026-08-22T17:33:34.740385+00:00" hostname="agent-env-278aa38e-8884-4043-82f7-01aa064f60af"><testcase classname="tests.backend_test.TestAuth" name="test_login_student" time="0.308" /><testcase classname="tests.backend_test.TestAuth" name="test_login_warden_h" time="0.191" /><testcase classname="tests.backend_test.TestAuth" name="test_login_warden_k" time="0.165" /><testcase classname="tests.backend_test.TestAuth" name="test_login_admin" time="0.154" /><testcase classname="tests.backend_test.TestAuth" name="test_login_student2" time="0.143" /><testcase classname="tests.backend_test.TestAuth" name="test_login_wrong_password" time="0.271" /><testcase classname="tests.backend_test.TestAuth" name="test_inactive_student_first_time_setup" time="0.162" /><testcase classname="tests.backend_test.TestStudentActivation" name="test_activate_flow" time="0.552" /><testcase classname="tests.backend_test.TestStudentActivation" name="test_reinitiate_already_activated" time="0.106" /><testcase classname="tests.backend_test.TestRBAC" name="test_student_forbidden_from_warden" time="0.099" /><testcase classname="tests.backend_test.TestRBAC" name="test_student_forbidden_from_admin" time="0.113" /><testcase classname="tests.backend_test.TestRBAC" name="test_warden_forbidden_from_admin_analytics" time="0.128" /><testcase classname="tests.backend_test.TestRBAC" name="test_student_cannot_read_others_complaint" time="0.225" /><testcase classname="tests.backend_test.TestDashboard" name="test_dashboard_roommate_phone_visible" time="0.131" /><testcase classname="tests.backend_test.TestDashboard" name="test_dashboard_roommate_phone_private" time="0.111" /><testcase classname="tests.backend_test.TestCleaning" name="test_availability_endpoint" time="0.096" /><testcase classname="tests.backend_test.TestCleaning" name="test_cleaning_flow_and_rate_limit" time="0.109"><skipped type="pytest.skip" message="Cleaning window closed outside 8AM-11PM IST">/app/backend/tests/backend_test.py:162: Cleaning window closed outside 8AM-11PM IST</skipped></testcase><testcase classname="tests.backend_test.TestCleaning" name="test_warden_schedule_then_student_completes" time="0.107"><skipped type="pytest.skip" message="Window closed">/app/backend/tests/backend_test.py:185: Window closed</skipped></testcase><testcase classname="tests.backend_test.TestComplaints" name="test_complaint_lifecycle_and_notification" time="0.720" /><testcase classname="tests.backend_test.TestComplaints" name="test_rate_non_resolved_fails" time="0.207" /><testcase classname="tests.backend_test.TestChangeRequests" name="test_mess_change_approve_updates_allocation" time="0.361" /><testcase classname="tests.backend_test.TestChangeRequests" name="test_reject_without_notes_fails" time="0.326" /><testcase classname="tests.backend_test.TestWardenScoping" name="test_warden_k_cannot_access_h_roster" time="0.237" /><testcase classname="tests.backend_test.TestAttendance" name="test_mark_and_read" time="0.486" /><testcase classname="tests.backend_test.TestAdmin" name="test_analytics" time="0.120" /><testcase classname="tests.backend_test.TestAdmin" name="test_roster_import_and_skip" time="0.216" /><testcase classname="tests.backend_test.TestAnnouncements" name="test_warden_cannot_post_global" time="0.093" /><testcase classname="tests.backend_test.TestAnnouncements" name="test_block_announcement" time="0.205" /><testcase classname="tests.backend_test.TestAnnouncements" name="test_admin_global_announcement" time="0.111" /><testcase classname="tests.backend_test.TestThreads" name="test_thread_create_close_and_locked_message" time="0.424" /></testsuite></testsuites>